<?xml version="1.0" encoding="UTF-8"?>
<!-- Generated by org.testng.reporters.JUnitReportReporter -->
<testsuite hostname="DESKTOP-39P49S8" failures="0" tests="1" name="com.amazon.qa.testcases.HomePageTest" time="36.498" errors="0" timestamp="03 Oct 2018 18:39:48 GMT" skipped="0">
  <testcase classname="com.amazon.qa.testcases.HomePageTest" name="loginTest" time="36.498"/>
</testsuite> <!-- com.amazon.qa.testcases.HomePageTest -->
