<?xml version="1.0" encoding="UTF-8"?>
<!-- Generated by org.testng.reporters.JUnitReportReporter -->
<testsuite hostname="DESKTOP-39P49S8" failures="0" tests="1" name="com.amazon.qa.testcases.IdeaSortTest" time="52.489" errors="0" timestamp="03 Oct 2018 19:33:53 GMT" skipped="0">
  <testcase classname="com.amazon.qa.testcases.IdeaSortTest" name="addIdeaDescription" time="52.489"/>
</testsuite> <!-- com.amazon.qa.testcases.IdeaSortTest -->
