<?xml version="1.0" encoding="UTF-8"?>
<!-- Generated by org.testng.reporters.JUnitReportReporter -->
<testsuite hostname="DESKTOP-39P49S8" failures="0" tests="1" name="com.amazon.qa.testcases.LoginTest" time="31.028" errors="0" timestamp="03 Oct 2018 18:40:46 GMT" skipped="0">
  <testcase classname="com.amazon.qa.testcases.LoginTest" name="loginTest" time="31.028"/>
</testsuite> <!-- com.amazon.qa.testcases.LoginTest -->
